19:21:56.853[main] INFO  org.testng.internal.Utils - [TestNG] Running:
  C:\Users\kirann\eclipse-workspace\OpecartV121\src\test\java\testCases\grouping.xml

19:22:46.021[main] INFO  testCases.TC001_AccountRegistrationTest - *** Starting TC001_AccoutRegistrationTest ***
19:22:46.021[main] INFO  testCases.TC001_AccountRegistrationTest - *** Providing customer details ***
19:22:57.030[main] INFO  testCases.TC001_AccountRegistrationTest - *** Validating expected message ***
19:26:10.747[main] DEBUG org.testng.TestNG - suiteXmlPath: "C:\Users\kirann\eclipse-workspace\OpecartV121\src\test\java\testCases\grouping.xml"
19:26:11.003[main] INFO  org.testng.internal.Utils - [TestNG] Running:
  C:\Users\kirann\eclipse-workspace\OpecartV121\src\test\java\testCases\grouping.xml

19:26:36.054[main] DEBUG org.testng.TestNG - suiteXmlPath: "C:\Users\kirann\eclipse-workspace\OpecartV121\src\test\java\testCases\grouping.xml"
19:26:36.311[main] INFO  org.testng.internal.Utils - [TestNG] Running:
  C:\Users\kirann\eclipse-workspace\OpecartV121\src\test\java\testCases\grouping.xml

19:27:18.509[main] DEBUG org.testng.TestNG - suiteXmlPath: "C:\Users\kirann\eclipse-workspace\OpecartV121\src\test\java\testCases\grouping.xml"
19:27:18.761[main] INFO  org.testng.internal.Utils - [TestNG] Running:
  C:\Users\kirann\eclipse-workspace\OpecartV121\src\test\java\testCases\grouping.xml

19:32:25.266[main] DEBUG org.testng.TestNG - suiteXmlPath: "C:\Users\kirann\eclipse-workspace\OpecartV121\src\test\java\testCases\grouping.xml"
19:32:25.595[main] INFO  org.testng.internal.Utils - [TestNG] Running:
  C:\Users\kirann\eclipse-workspace\OpecartV121\src\test\java\testCases\grouping.xml

19:32:38.189[main] INFO  testCases.TC002_LoginTest - ****Starting TC002_LoginTest******
10:39:13.205[main] DEBUG org.testng.TestNG - suiteXmlPath: "C:\Users\kirann\eclipse-workspace\OpecartV121\src\test\java\testCases\grouping.xml"
10:39:13.614[main] INFO  org.testng.internal.Utils - [TestNG] Running:
  C:\Users\kirann\eclipse-workspace\OpecartV121\src\test\java\testCases\grouping.xml

10:40:03.277[main] INFO  testCases.TC001_AccountRegistrationTest - *** Starting TC001_AccoutRegistrationTest ***
10:40:03.279[main] INFO  testCases.TC001_AccountRegistrationTest - *** Providing customer details ***
13:29:11.471[main] DEBUG org.testng.TestNG - suiteXmlPath: "C:\Users\kirann\eclipse-workspace\OpecartV121\src\test\java\testCases\grouping.xml"
13:29:11.883[main] INFO  org.testng.internal.Utils - [TestNG] Running:
  C:\Users\kirann\eclipse-workspace\OpecartV121\src\test\java\testCases\grouping.xml

13:30:06.840[main] DEBUG org.testng.TestNG - suiteXmlPath: "C:\Users\kirann\eclipse-workspace\OpecartV121\src\test\java\testCases\grouping.xml"
13:30:07.179[main] INFO  org.testng.internal.Utils - [TestNG] Running:
  C:\Users\kirann\eclipse-workspace\OpecartV121\src\test\java\testCases\grouping.xml

13:39:08.184[main] DEBUG org.testng.TestNG - suiteXmlPath: "C:\Users\kirann\eclipse-workspace\OpecartV121\src\test\java\testCases\grouping.xml"
13:39:08.511[main] INFO  org.testng.internal.Utils - [TestNG] Running:
  C:\Users\kirann\eclipse-workspace\OpecartV121\src\test\java\testCases\grouping.xml

13:42:29.777[main] DEBUG org.testng.TestNG - suiteXmlPath: "C:\Users\kirann\eclipse-workspace\OpecartV121\src\test\java\testCases\grouping.xml"
13:42:30.022[main] INFO  org.testng.internal.Utils - [TestNG] Running:
  C:\Users\kirann\eclipse-workspace\OpecartV121\src\test\java\testCases\grouping.xml

13:42:44.900[main] INFO  testCases.TC002_LoginTest - ****Starting TC002_LoginTest******
13:47:33.851[main] DEBUG org.testng.TestNG - suiteXmlPath: "C:\Users\kirann\eclipse-workspace\OpecartV121\src\test\java\testCases\grouping.xml"
13:47:34.101[main] INFO  org.testng.internal.Utils - [TestNG] Running:
  C:\Users\kirann\eclipse-workspace\OpecartV121\src\test\java\testCases\grouping.xml

13:47:47.503[main] INFO  testCases.TC002_LoginTest - ****Starting TC002_LoginTest******
13:50:26.127[main] DEBUG org.testng.TestNG - suiteXmlPath: "C:\Users\kirann\eclipse-workspace\OpecartV121\src\test\java\testCases\grouping.xml"
13:50:26.419[main] INFO  org.testng.internal.Utils - [TestNG] Running:
  C:\Users\kirann\eclipse-workspace\OpecartV121\src\test\java\testCases\grouping.xml

13:50:37.977[main] INFO  testCases.TC002_LoginTest - ****Starting TC002_LoginTest******
13:52:43.411[main] DEBUG org.testng.TestNG - suiteXmlPath: "C:\Users\kirann\eclipse-workspace\OpecartV121\src\test\java\testCases\grouping.xml"
13:52:43.838[main] INFO  org.testng.internal.Utils - [TestNG] Running:
  C:\Users\kirann\eclipse-workspace\OpecartV121\src\test\java\testCases\grouping.xml

13:52:56.617[main] INFO  testCases.TC002_LoginTest - ****Starting TC002_LoginTest******
13:53:00.545[main] INFO  testCases.TC002_LoginTest - ****TC002_LoginTest completed******
14:03:29.510[main] DEBUG org.testng.TestNG - suiteXmlPath: "C:\Users\kirann\eclipse-workspace\OpecartV121\src\test\java\testCases\grouping.xml"
