14:03:30.076[main] INFO  org.testng.internal.Utils - [TestNG] Running:
  C:\Users\kirann\eclipse-workspace\OpecartV121\src\test\java\testCases\grouping.xml

14:03:42.346[main] INFO  testCases.TC002_LoginTest - ****Starting TC002_LoginTest******
14:03:45.034[main] INFO  testCases.TC002_LoginTest - ****TC002_LoginTest completed******
14:05:32.116[main] DEBUG org.testng.TestNG - suiteXmlPath: "C:\Users\kirann\eclipse-workspace\OpecartV121\src\test\java\testCases\grouping.xml"
14:05:32.411[main] INFO  org.testng.internal.Utils - [TestNG] Running:
  C:\Users\kirann\eclipse-workspace\OpecartV121\src\test\java\testCases\grouping.xml

14:05:43.536[main] INFO  testCases.TC002_LoginTest - ****Starting TC002_LoginTest******
14:05:45.167[main] INFO  testCases.TC002_LoginTest - ****TC002_LoginTest completed******
14:11:25.658[main] DEBUG org.testng.TestNG - suiteXmlPath: "C:\Users\kirann\eclipse-workspace\OpecartV121\src\test\java\testCases\grouping.xml"
14:11:25.962[main] INFO  org.testng.internal.Utils - [TestNG] Running:
  C:\Users\kirann\eclipse-workspace\OpecartV121\src\test\java\testCases\grouping.xml

14:11:39.596[main] INFO  testCases.TC002_LoginTest - ****Starting TC002_LoginTest******
14:15:17.971[main] DEBUG org.testng.TestNG - suiteXmlPath: "C:\Users\kirann\eclipse-workspace\OpecartV121\test-output\testng-failed.xml"
14:15:18.231[main] INFO  org.testng.internal.Utils - [TestNG] Running:
  C:\Users\kirann\eclipse-workspace\OpecartV121\test-output\testng-failed.xml

14:15:29.844[main] INFO  testCases.TC002_LoginTest - ****Starting TC002_LoginTest******
14:15:31.813[main] INFO  testCases.TC002_LoginTest - ****TC002_LoginTest completed******
12:09:55.043[main] DEBUG org.testng.TestNG - suiteXmlPath: "C:\Users\kirann\eclipse-workspace\OpecartV121\src\test\java\testCases\master.xml"
12:09:55.340[main] INFO  org.testng.internal.Utils - [TestNG] Running:
  C:\Users\kirann\eclipse-workspace\OpecartV121\src\test\java\testCases\master.xml

12:10:08.695[main] INFO  testCases.TC002_LoginTest - ****Starting TC002_LoginTest******
12:10:10.722[main] INFO  testCases.TC002_LoginTest - ****TC002_LoginTest completed******
12:11:32.433[main] DEBUG org.testng.TestNG - suiteXmlPath: "C:\Users\kirann\eclipse-workspace\OpecartV121\src\test\java\testCases\master.xml"
12:11:32.643[main] INFO  org.testng.internal.Utils - [TestNG] Running:
  C:\Users\kirann\eclipse-workspace\OpecartV121\src\test\java\testCases\master.xml

12:11:44.487[main] INFO  testCases.TC002_LoginTest - ****Starting TC002_LoginTest******
12:11:46.833[main] INFO  testCases.TC002_LoginTest - ****TC002_LoginTest completed******
12:14:11.865[main] DEBUG org.testng.TestNG - suiteXmlPath: "C:\Users\kirann\eclipse-workspace\OpecartV121\src\test\java\testCases\master.xml"
12:14:12.106[main] INFO  org.testng.internal.Utils - [TestNG] Running:
  C:\Users\kirann\eclipse-workspace\OpecartV121\src\test\java\testCases\master.xml

12:14:24.324[main] INFO  testCases.TC002_LoginTest - ****Starting TC002_LoginTest******
12:14:26.185[main] INFO  testCases.TC002_LoginTest - ****TC002_LoginTest completed******
12:16:23.410[main] DEBUG org.testng.TestNG - suiteXmlPath: "C:\Users\kirann\eclipse-workspace\OpecartV121\src\test\java\testCases\master.xml"
12:16:23.622[main] INFO  org.testng.internal.Utils - [TestNG] Running:
  C:\Users\kirann\eclipse-workspace\OpecartV121\src\test\java\testCases\master.xml

12:16:36.576[main] INFO  testCases.TC002_LoginTest - ****Starting TC002_LoginTest******
12:16:38.757[main] INFO  testCases.TC002_LoginTest - ****TC002_LoginTest completed******
12:17:35.840[main] DEBUG org.testng.TestNG - suiteXmlPath: "C:\Users\kirann\eclipse-workspace\OpecartV121\src\test\java\testCases\master.xml"
12:17:36.097[main] INFO  org.testng.internal.Utils - [TestNG] Running:
  C:\Users\kirann\eclipse-workspace\OpecartV121\src\test\java\testCases\master.xml

12:17:47.878[main] INFO  testCases.TC002_LoginTest - ****Starting TC002_LoginTest******
12:17:50.116[main] INFO  testCases.TC002_LoginTest - ****TC002_LoginTest completed******
11:54:26.303[main] DEBUG org.testng.TestNG - suiteXmlPath: "C:\Users\kirann\eclipse-workspace\OpecartV121\src\test\java\testCases\master.xml"
11:54:26.547[main] INFO  org.testng.internal.Utils - [TestNG] Running:
  C:\Users\kirann\eclipse-workspace\OpecartV121\src\test\java\testCases\master.xml

11:54:41.096[main] INFO  testCases.TC002_LoginTest - ****Starting TC002_LoginTest******
11:54:43.161[main] INFO  testCases.TC002_LoginTest - ****TC002_LoginTest completed******
12:09:23.949[main] DEBUG org.testng.TestNG - suiteXmlPath: "C:\Users\kirann\eclipse-workspace\OpecartV121\master.xml"
12:09:36.938[main] INFO  testCases.TC002_LoginTest - ****Starting TC002_LoginTest******
12:09:38.914[main] INFO  testCases.TC002_LoginTest - ****TC002_LoginTest completed******
