17:19:10.369[main] INFO  org.testng.internal.Utils - [Utils] MethodGroupsHelper.sortMethods() took 1 ms.
17:19:10.375[main] INFO  org.testng.internal.Utils - [Utils] MethodGroupsHelper.collectMethodsByGroup() took 0 ms.
17:19:10.375[main] INFO  org.testng.internal.Utils - [Utils] MethodGroupsHelper.sortMethods() took 0 ms.
17:19:10.376[main] INFO  org.testng.internal.Utils - [Utils] MethodGroupsHelper.collectMethodsByGroup() took 0 ms.
17:19:10.376[main] INFO  org.testng.internal.Utils - [Utils] MethodGroupsHelper.sortMethods() took 0 ms.
17:19:10.376[main] INFO  org.testng.internal.Utils - [Utils] MethodGroupsHelper.collectMethodsByGroup() took 0 ms.
17:19:10.377[main] INFO  org.testng.internal.Utils - [Utils] MethodGroupsHelper.sortMethods() took 0 ms.
17:19:10.377[main] INFO  org.testng.internal.Utils - [Utils] MethodGroupsHelper.collectMethodsByGroup() took 0 ms.
17:19:10.377[main] INFO  org.testng.internal.Utils - [Utils] MethodGroupsHelper.sortMethods() took 0 ms.
17:19:10.377[main] INFO  org.testng.internal.Utils - [Utils] MethodGroupsHelper.collectMethodsByGroup() took 0 ms.
17:19:10.377[main] INFO  org.testng.internal.Utils - [Utils] MethodGroupsHelper.sortMethods() took 0 ms.
17:19:10.377[main] INFO  org.testng.internal.Utils - [Utils] MethodGroupsHelper.collectMethodsByGroup() took 0 ms.
17:19:10.377[main] INFO  org.testng.internal.Utils - [Utils] MethodGroupsHelper.sortMethods() took 0 ms.
17:19:10.377[main] INFO  org.testng.internal.Utils - [Utils] MethodGroupsHelper.collectMethodsByGroup() took 0 ms.
17:19:10.377[main] INFO  org.testng.internal.Utils - [Utils] MethodGroupsHelper.sortMethods() took 0 ms.
17:19:10.379[main] INFO  org.testng.internal.Utils - [Utils] MethodGroupsHelper.collectMethodsByGroup() took 0 ms.
17:19:10.379[main] INFO  org.testng.internal.Utils - [Utils] MethodGroupsHelper.sortMethods() took 0 ms.
17:19:10.379[main] INFO  org.testng.internal.Utils - [Utils] MethodGroupsHelper.collectMethodsByGroup() took 0 ms.
17:19:10.379[main] INFO  org.testng.internal.Utils - [Utils] MethodGroupsHelper.sortMethods() took 0 ms.
17:19:10.382[main] INFO  org.testng.internal.Utils - [Utils] MethodGroupsHelper.collectMethodsByGroup() took 0 ms.
17:19:10.382[main] INFO  org.testng.internal.Utils - [Utils] MethodGroupsHelper.sortMethods() took 0 ms.
17:19:10.382[main] INFO  org.testng.internal.Utils - [Utils] MethodGroupsHelper.collectMethodsByGroup() took 0 ms.
17:19:10.382[main] INFO  org.testng.internal.Utils - [Utils] MethodGroupsHelper.sortMethods() took 0 ms.
17:19:10.386[main] INFO  org.testng.internal.Utils - [Utils] MethodGroupsHelper.collectMethodsByGroup() took 3 ms.
17:19:10.391[main] INFO  org.testng.internal.Utils - [Utils] MethodGroupsHelper.sortMethods() took 4 ms.
17:19:10.392[main] INFO  org.testng.internal.Utils - [Utils] MethodGroupsHelper.collectMethodsByGroup() took 0 ms.
17:19:10.392[main] INFO  org.testng.internal.Utils - [Utils] MethodGroupsHelper.sortMethods() took 0 ms.
17:19:10.392[main] INFO  org.testng.internal.Utils - [Utils] MethodGroupsHelper.collectMethodsByGroup() took 0 ms.
17:19:10.392[main] INFO  org.testng.internal.Utils - [Utils] MethodGroupsHelper.sortMethods() took 0 ms.
17:19:10.400[main] INFO  org.testng.internal.Utils - [TestNG] Running:
  C:\Users\kirann\AppData\Local\Temp\testng-eclipse--2002025941\testng-customsuite.xml

17:19:10.416[main] INFO  org.testng.internal.Utils - [Utils] DynamicGraphHelper.createDynamicGraph() took 4 ms.
17:19:27.188[main] INFO  org.testng.internal.Utils - [TestNG] Time taken by org.testng.reporters.jq.Main@56781d96: 91 ms
17:19:27.189[main] INFO  org.testng.internal.Utils - [TestNG] Time taken by org.testng.reporters.FailedReporter@5173200b: 1 ms
17:19:27.199[main] INFO  org.testng.internal.Utils - [TestNG] Time taken by org.testng.reporters.XMLReporter@3605c4d3: 9 ms
17:19:27.207[main] INFO  org.testng.internal.Utils - [TestNG] Time taken by org.testng.reporters.EmailableReporter2@732bb66d: 8 ms
17:19:27.215[main] INFO  org.testng.internal.Utils - [TestNG] Time taken by org.testng.reporters.JUnitReportReporter@4fe01803: 8 ms
17:19:27.215[main] INFO  org.testng.internal.Utils - [TestNG] Time taken by org.testng.internal.ExitCodeListener@13d186db: 0 ms
17:28:18.238[main] DEBUG org.testng.TestNG - suiteXmlPath: "C:\Users\kirann\eclipse-workspace\OpecartV121\src\test\java\testCases\master.xml"
17:28:18.500[main] INFO  org.testng.internal.Utils - [TestNG] Running:
  C:\Users\kirann\eclipse-workspace\OpecartV121\src\test\java\testCases\master.xml

17:28:30.133[main] INFO  testCases.TC001_AccountRegistrationTest - *** Starting TC001_AccoutRegistrationTest ***
17:28:30.241[main] INFO  testCases.TC001_AccountRegistrationTest - *** Clicked on MyAccount link ***
17:28:31.764[main] INFO  testCases.TC001_AccountRegistrationTest - *** clicked on Register Link ***
17:28:31.765[main] INFO  testCases.TC001_AccountRegistrationTest - *** Providing customer details ***
17:31:17.212[main] DEBUG org.testng.TestNG - suiteXmlPath: "C:\Users\kirann\eclipse-workspace\OpecartV121\src\test\java\testCases\master.xml"
