18:46:02.892[main] DEBUG org.apache.poi.openxml4j.opc.PackageRelationshipCollection - Parsing relationship: /xl/worksheets/_rels/sheet1.xml.rels
18:46:02.892[main] DEBUG org.apache.poi.openxml4j.opc.PackageRelationshipCollection - Parsing relationship: /_rels/.rels
18:46:02.924[main] DEBUG org.apache.poi.openxml4j.opc.PackageRelationshipCollection - Parsing relationship: /xl/_rels/workbook.xml.rels
18:46:02.924[main] DEBUG org.apache.poi.openxml4j.opc.PackageRelationshipCollection - Parsing relationship: /xl/worksheets/_rels/sheet1.xml.rels
18:46:02.924[main] DEBUG org.apache.poi.openxml4j.opc.PackageRelationshipCollection - Parsing relationship: /_rels/.rels
18:46:02.941[main] DEBUG org.apache.poi.openxml4j.opc.PackageRelationshipCollection - Parsing relationship: /xl/_rels/workbook.xml.rels
18:46:02.941[main] DEBUG org.apache.poi.openxml4j.opc.PackageRelationshipCollection - Parsing relationship: /xl/worksheets/_rels/sheet1.xml.rels
18:46:02.941[main] DEBUG org.apache.poi.openxml4j.opc.PackageRelationshipCollection - Parsing relationship: /_rels/.rels
18:46:02.974[main] DEBUG org.apache.poi.openxml4j.opc.PackageRelationshipCollection - Parsing relationship: /xl/_rels/workbook.xml.rels
18:46:02.974[main] DEBUG org.apache.poi.openxml4j.opc.PackageRelationshipCollection - Parsing relationship: /xl/worksheets/_rels/sheet1.xml.rels
18:46:02.974[main] DEBUG org.apache.poi.openxml4j.opc.PackageRelationshipCollection - Parsing relationship: /_rels/.rels
18:46:02.991[main] DEBUG org.apache.poi.openxml4j.opc.PackageRelationshipCollection - Parsing relationship: /xl/_rels/workbook.xml.rels
18:46:02.991[main] DEBUG org.apache.poi.openxml4j.opc.PackageRelationshipCollection - Parsing relationship: /xl/worksheets/_rels/sheet1.xml.rels
18:46:02.991[main] DEBUG org.apache.poi.openxml4j.opc.PackageRelationshipCollection - Parsing relationship: /_rels/.rels
18:46:03.030[main] DEBUG org.apache.poi.openxml4j.opc.PackageRelationshipCollection - Parsing relationship: /xl/_rels/workbook.xml.rels
18:46:03.032[main] DEBUG org.apache.poi.openxml4j.opc.PackageRelationshipCollection - Parsing relationship: /xl/worksheets/_rels/sheet1.xml.rels
18:46:03.034[main] DEBUG org.apache.poi.openxml4j.opc.PackageRelationshipCollection - Parsing relationship: /_rels/.rels
18:46:03.093[main] INFO  testCases.TC003_LoginDDT - ****Starting TC003_LoginDDT******
18:46:05.630[main] INFO  testCases.TC003_LoginDDT - ****Finished TC003_LoginDDT******
18:46:05.641[main] INFO  testCases.TC003_LoginDDT - ****Starting TC003_LoginDDT******
18:46:07.884[main] INFO  testCases.TC003_LoginDDT - ****Finished TC003_LoginDDT******
18:46:07.886[main] INFO  testCases.TC003_LoginDDT - ****Starting TC003_LoginDDT******
18:46:10.153[main] INFO  testCases.TC003_LoginDDT - ****Finished TC003_LoginDDT******
18:46:10.159[main] INFO  testCases.TC003_LoginDDT - ****Starting TC003_LoginDDT******
18:46:12.242[main] INFO  testCases.TC003_LoginDDT - ****Starting TC003_LoginDDT******
18:46:14.434[main] INFO  testCases.TC003_LoginDDT - ****Starting TC003_LoginDDT******
18:46:16.501[main] INFO  testCases.TC003_LoginDDT - ****Finished TC003_LoginDDT******
19:13:53.874[main] DEBUG org.testng.TestNG - suiteXmlPath: "C:\Users\kirann\eclipse-workspace\OpecartV121\src\test\java\testCases\grouping.xml"
19:13:54.207[main] INFO  org.testng.internal.Utils - [TestNG] Running:
  C:\Users\kirann\eclipse-workspace\OpecartV121\src\test\java\testCases\grouping.xml

19:14:46.453[main] DEBUG org.testng.TestNG - suiteXmlPath: "C:\Users\kirann\eclipse-workspace\OpecartV121\src\test\java\testCases\grouping.xml"
19:14:46.705[main] INFO  org.testng.internal.Utils - [TestNG] Running:
  C:\Users\kirann\eclipse-workspace\OpecartV121\src\test\java\testCases\grouping.xml

19:16:20.866[main] DEBUG org.testng.TestNG - suiteXmlPath: "C:\Users\kirann\eclipse-workspace\OpecartV121\src\test\java\testCases\grouping.xml"
19:16:21.074[main] INFO  org.testng.internal.Utils - [TestNG] Running:
  C:\Users\kirann\eclipse-workspace\OpecartV121\src\test\java\testCases\grouping.xml

19:18:36.219[main] DEBUG org.testng.TestNG - suiteXmlPath: "C:\Users\kirann\eclipse-workspace\OpecartV121\src\test\java\testCases\grouping.xml"
19:18:36.438[main] INFO  org.testng.internal.Utils - [TestNG] Running:
  C:\Users\kirann\eclipse-workspace\OpecartV121\src\test\java\testCases\grouping.xml

19:18:48.847[main] INFO  testCases.TC002_LoginTest - ****Starting TC002_LoginTest******
19:19:43.847[main] DEBUG org.testng.TestNG - suiteXmlPath: "C:\Users\kirann\eclipse-workspace\OpecartV121\src\test\java\testCases\grouping.xml"
19:19:44.069[main] INFO  org.testng.internal.Utils - [TestNG] Running:
  C:\Users\kirann\eclipse-workspace\OpecartV121\src\test\java\testCases\grouping.xml

19:19:55.114[main] INFO  testCases.TC001_AccountRegistrationTest - *** Starting TC001_AccoutRegistrationTest ***
19:19:55.116[main] INFO  testCases.TC001_AccountRegistrationTest - *** Providing customer details ***
19:21:56.592[main] DEBUG org.testng.TestNG - suiteXmlPath: "C:\Users\kirann\eclipse-workspace\OpecartV121\src\test\java\testCases\grouping.xml"
